Using pre-set license
Built from '2020.3/staging' branch; Version is '2020.3.22f1 (e1a7f79fd887) revision 14788599'; Using compiler version '192528614'; Build Type 'Release'
OS: 'Windows 10 Pro; OS build 19044.1415; Version 2009; 64bit' Language: 'es' Physical Memory: 65459 MB
BatchMode: 1, IsHumanControllingUs: 0, StartBugReporterOnCrash: 0, Is64bit: 1, IsPro: 0

COMMAND LINE ARGUMENTS:
C:\Program Files\Unity\Hub\Editor\2020.3.22f1\Editor\Unity.exe
-adb2
-batchMode
-noUpm
-name
AssetImportWorker0
-projectPath
D:/Proyectos/GuidedProjectTheBeachsideTown
-logFile
Logs/AssetImportWorker0.log
-srvPort
60477
Successfully changed project path to: D:/Proyectos/GuidedProjectTheBeachsideTown
D:/Proyectos/GuidedProjectTheBeachsideTown
Using Asset Import Pipeline V2.
Refreshing native plugins compatible for Editor in 73.69 ms, found 2 plugins.
Preloading 0 native plugins for Editor in 0.00 ms.
Initialize engine version: 2020.3.22f1 (e1a7f79fd887)
[Subsystems] Discovering subsystems at path C:/Program Files/Unity/Hub/Editor/2020.3.22f1/Editor/Data/Resources/UnitySubsystems
[Subsystems] Discovering subsystems at path D:/Proyectos/GuidedProjectTheBeachsideTown/Assets
GfxDevice: creating device client; threaded=0
Direct3D:
    Version:  Direct3D 11.0 [level 11.1]
    Renderer: NVIDIA GeForce GTX 1080 Ti (ID=0x1b06)
    Vendor:   
    VRAM:     11127 MB
    Driver:   30.0.14.9649
Initialize mono
Mono path[0] = 'C:/Program Files/Unity/Hub/Editor/2020.3.22f1/Editor/Data/Managed'
Mono path[1] = 'C:/Program Files/Unity/Hub/Editor/2020.3.22f1/Editor/Data/MonoBleedingEdge/lib/mono/unityjit'
Mono config path = 'C:/Program Files/Unity/Hub/Editor/2020.3.22f1/Editor/Data/MonoBleedingEdge/etc'
Using monoOptions --debugger-agent=transport=dt_socket,embedding=1,server=y,suspend=n,address=127.0.0.1:56120
Begin MonoManager ReloadAssembly
Registering precompiled unity dll's ...
Register platform support module: C:/Program Files/Unity/Hub/Editor/2020.3.22f1/Editor/Data/PlaybackEngines/WebGLSupport/UnityEditor.WebGL.Extensions.dll
Register platform support module: C:/Program Files/Unity/Hub/Editor/2020.3.22f1/Editor/Data/PlaybackEngines/WindowsStandaloneSupport/UnityEditor.WindowsStandalone.Extensions.dll
Registered in 0.003609 seconds.
Native extension for WindowsStandalone target not found
Native extension for WebGL target not found
Refreshing native plugins compatible for Editor in 46.21 ms, found 2 plugins.
Preloading 0 native plugins for Editor in 0.00 ms.
Mono: successfully reloaded assembly
- Completed reload, in  1.473 seconds
Domain Reload Profiling:
	ReloadAssembly (1473ms)
		BeginReloadAssembly (112ms)
			ExecutionOrderSort (0ms)
			DisableScriptedObjects (0ms)
			BackupInstance (0ms)
			ReleaseScriptingObjects (0ms)
			CreateAndSetChildDomain (1ms)
		EndReloadAssembly (450ms)
			LoadAssemblies (110ms)
			RebuildTransferFunctionScriptingTraits (0ms)
			SetupTypeCache (147ms)
			ReleaseScriptCaches (0ms)
			RebuildScriptCaches (32ms)
			SetupLoadedEditorAssemblies (170ms)
				LogAssemblyErrors (0ms)
				InitializePlatformSupportModulesInManaged (5ms)
				SetLoadedEditorAssemblies (0ms)
				RefreshPlugins (46ms)
				BeforeProcessingInitializeOnLoad (14ms)
				ProcessInitializeOnLoadAttributes (78ms)
				ProcessInitializeOnLoadMethodAttributes (26ms)
				AfterProcessingInitializeOnLoad (0ms)
				EditorAssembliesLoaded (0ms)
			ExecutionOrderSort2 (0ms)
			AwakeInstancesAfterBackupRestoration (0ms)
Platform modules already initialized, skipping
Registering precompiled user dll's ...
Registered in 0.008021 seconds.
Begin MonoManager ReloadAssembly
Native extension for WindowsStandalone target not found
Native extension for WebGL target not found
Refreshing native plugins compatible for Editor in 57.46 ms, found 2 plugins.
Preloading 0 native plugins for Editor in 0.00 ms.
Mono: successfully reloaded assembly
- Completed reload, in  1.234 seconds
Domain Reload Profiling:
	ReloadAssembly (1235ms)
		BeginReloadAssembly (181ms)
			ExecutionOrderSort (0ms)
			DisableScriptedObjects (5ms)
			BackupInstance (0ms)
			ReleaseScriptingObjects (0ms)
			CreateAndSetChildDomain (19ms)
		EndReloadAssembly (993ms)
			LoadAssemblies (144ms)
			RebuildTransferFunctionScriptingTraits (0ms)
			SetupTypeCache (334ms)
			ReleaseScriptCaches (1ms)
			RebuildScriptCaches (61ms)
			SetupLoadedEditorAssemblies (373ms)
				LogAssemblyErrors (0ms)
				InitializePlatformSupportModulesInManaged (6ms)
				SetLoadedEditorAssemblies (0ms)
				RefreshPlugins (58ms)
				BeforeProcessingInitializeOnLoad (90ms)
				ProcessInitializeOnLoadAttributes (200ms)
				ProcessInitializeOnLoadMethodAttributes (9ms)
				AfterProcessingInitializeOnLoad (9ms)
				EditorAssembliesLoaded (0ms)
			ExecutionOrderSort2 (0ms)
			AwakeInstancesAfterBackupRestoration (6ms)
Platform modules already initialized, skipping
========================================================================
Worker process is ready to serve import requests
Launched and connected shader compiler UnityShaderCompiler.exe after 0.12 seconds
Refreshing native plugins compatible for Editor in 0.48 ms, found 2 plugins.
Preloading 0 native plugins for Editor in 0.00 ms.
Unloading 2795 Unused Serialized files (Serialized files now loaded: 0)
System memory in use before: 125.6 MB.
System memory in use after: 125.8 MB.

Unloading 20 unused Assets to reduce memory usage. Loaded Objects now: 3227.
Total: 3.096200 ms (FindLiveObjects: 0.278700 ms CreateObjectMapping: 0.129200 ms MarkObjects: 2.606100 ms  DeleteObjects: 0.081100 ms)

AssetImportParameters requested are different than current active one (requested -> active):
  custom:framework-win-MediaFoundation: 216162199b28c13a410421893ffa2e32 -> 
  custom:video-decoder-ogg-theora: a1e56fd34408186e4bbccfd4996cb3dc -> 
  custom:container-muxer-webm: aa71ff27fc2769a1b78a27578f13a17b -> 
  custom:container-demuxer-webm: 4f35f7cbe854078d1ac9338744f61a02 -> 
  custom:container-demuxer-ogg: 62fdf1f143b41e24485cea50d1cbac27 -> 
  custom:video-encoder-webm-vp8: eb34c28f22e8b96e1ab97ce403110664 -> 
  custom:video-decoder-webm-vp8: 9c59270c3fd7afecdb556c50c9e8de78 -> 
  custom:audio-decoder-ogg-vorbis: bf7c407c2cedff20999df2af8eb42d56 -> 
  custom:audio-encoder-webm-vorbis: bf7c407c2cedff20999df2af8eb42d56 -> 
========================================================================
Received Import Request.
  path: Assets/Settings/UniversalRP-HighQuality.asset
  artifactKey: Guid(19ba41d7c0026c3459d37c2fe90c55a0) Importer(815301076,1909f56bfc062723c751e8b465ee728b)
Start importing Assets/Settings/UniversalRP-HighQuality.asset using Guid(19ba41d7c0026c3459d37c2fe90c55a0) Importer(815301076,1909f56bfc062723c751e8b465ee728b)  -> (artifact id: '02e18c1f933b70f494440bf5e7626866') in 0.045335 seconds 
  Import took 0.050036 seconds .

========================================================================
Received Import Request.
  Time since last request: 118.735817 seconds.
  path: Assets/Scenes
  artifactKey: Guid(9ea519a1fcb423a4e8bb15e0d1d4c123) Importer(815301076,1909f56bfc062723c751e8b465ee728b)
Start importing Assets/Scenes using Guid(9ea519a1fcb423a4e8bb15e0d1d4c123) Importer(815301076,1909f56bfc062723c751e8b465ee728b)  -> (artifact id: '8b4b2f218b82d9e965ab3d3c3903f563') in 0.006054 seconds 
  Import took 0.012050 seconds .

========================================================================
Received Import Request.
  Time since last request: 22.658093 seconds.
  path: Assets/Scenes/TheBeachsideTown.unity
  artifactKey: Guid(a8fca1c1fe8e5e948867333ff27c5833) Importer(815301076,1909f56bfc062723c751e8b465ee728b)
Start importing Assets/Scenes/TheBeachsideTown.unity using Guid(a8fca1c1fe8e5e948867333ff27c5833) Importer(815301076,1909f56bfc062723c751e8b465ee728b)  -> (artifact id: '901a21635275cdd9802c93f426c3ede5') in 0.005673 seconds 
  Import took 0.009981 seconds .

========================================================================
Received Import Request.
  Time since last request: 12.828148 seconds.
  path: Assets/Scenes/SampleSceneLightingSettings.lighting
  artifactKey: Guid(477cc4148fad3449482a3bc3178594e2) Importer(815301076,1909f56bfc062723c751e8b465ee728b)
Start importing Assets/Scenes/SampleSceneLightingSettings.lighting using Guid(477cc4148fad3449482a3bc3178594e2) Importer(815301076,1909f56bfc062723c751e8b465ee728b)  -> (artifact id: '4a26a52e718306fba651ad1c5ff177c0') in 0.010859 seconds 
  Import took 0.017031 seconds .

========================================================================
Received Import Request.
  Time since last request: 3.556036 seconds.
  path: Assets/Scenes/SampleScene.unity
  artifactKey: Guid(d1c3109bdb54ad54c8a2b2838528e640) Importer(815301076,1909f56bfc062723c751e8b465ee728b)
Start importing Assets/Scenes/SampleScene.unity using Guid(d1c3109bdb54ad54c8a2b2838528e640) Importer(815301076,1909f56bfc062723c751e8b465ee728b)  -> (artifact id: '1a7c01bc8ed57adf1ede3d700e613d7f') in 0.005724 seconds 
  Import took 0.010071 seconds .

========================================================================
Received Import Request.
  Time since last request: 221.425127 seconds.
  path: Assets/GuidedProject/BeachsideTown/Materials/BeachBall.mat
  artifactKey: Guid(b7d285a48ca3dbc4db06b8931b05c8f1) Importer(815301076,1909f56bfc062723c751e8b465ee728b)
Start importing Assets/GuidedProject/BeachsideTown/Materials/BeachBall.mat using Guid(b7d285a48ca3dbc4db06b8931b05c8f1) Importer(815301076,1909f56bfc062723c751e8b465ee728b)  -> (artifact id: '126ec1977fd4a3489d68385f7c083390') in 0.859426 seconds 
  Import took 0.865228 seconds .

========================================================================
Received Import Request.
  Time since last request: 0.000181 seconds.
  path: Assets/GuidedProject/BeachsideTown/Materials/Ground_PavementRoad_Corner.mat
  artifactKey: Guid(b260d70bf1f82784c89e33d851246bfc) Importer(815301076,1909f56bfc062723c751e8b465ee728b)
Start importing Assets/GuidedProject/BeachsideTown/Materials/Ground_PavementRoad_Corner.mat using Guid(b260d70bf1f82784c89e33d851246bfc) Importer(815301076,1909f56bfc062723c751e8b465ee728b)  -> (artifact id: 'bde98044c66039904453bc95e6bbb5c9') in 0.053562 seconds 
  Import took 0.057415 seconds .

========================================================================
Received Import Request.
  Time since last request: 0.000161 seconds.
  path: Assets/GuidedProject/BeachsideTown/Materials/Ground_PavementRoad.mat
  artifactKey: Guid(8c80283a4abed624c89150bcb9d47750) Importer(815301076,1909f56bfc062723c751e8b465ee728b)
Start importing Assets/GuidedProject/BeachsideTown/Materials/Ground_PavementRoad.mat using Guid(8c80283a4abed624c89150bcb9d47750) Importer(815301076,1909f56bfc062723c751e8b465ee728b)  -> (artifact id: 'f87f90c6995fc5ec6b867d4ad7e5d2d9') in 0.032285 seconds 
  Import took 0.036279 seconds .

========================================================================
Received Import Request.
  Time since last request: 0.000176 seconds.
  path: Assets/GuidedProject/BeachsideTown/Materials/Doors and Windows.mat
  artifactKey: Guid(acf6bf87b7dfe57489aa3da3b408f660) Importer(815301076,1909f56bfc062723c751e8b465ee728b)
Start importing Assets/GuidedProject/BeachsideTown/Materials/Doors and Windows.mat using Guid(acf6bf87b7dfe57489aa3da3b408f660) Importer(815301076,1909f56bfc062723c751e8b465ee728b)  -> (artifact id: 'b48c246fc81f1f2c0a443d908f00c148') in 0.026950 seconds 
  Import took 0.031838 seconds .

========================================================================
Received Import Request.
  Time since last request: 0.000156 seconds.
  path: Assets/GuidedProject/BeachsideTown/Materials/Ground_Pebbles_Tile.mat
  artifactKey: Guid(9664a313aeba8bf47a2861968c3428c7) Importer(815301076,1909f56bfc062723c751e8b465ee728b)
Start importing Assets/GuidedProject/BeachsideTown/Materials/Ground_Pebbles_Tile.mat using Guid(9664a313aeba8bf47a2861968c3428c7) Importer(815301076,1909f56bfc062723c751e8b465ee728b)  -> (artifact id: 'b51870e4722e27262496e0680be5d7d2') in 0.031711 seconds 
  Import took 0.036378 seconds .

========================================================================
Received Import Request.
  Time since last request: 0.000192 seconds.
  path: Assets/GuidedProject/BeachsideTown/Materials/Ground_Edge.mat
  artifactKey: Guid(b14ce4ca89f805b43ae466c4fa382983) Importer(815301076,1909f56bfc062723c751e8b465ee728b)
Start importing Assets/GuidedProject/BeachsideTown/Materials/Ground_Edge.mat using Guid(b14ce4ca89f805b43ae466c4fa382983) Importer(815301076,1909f56bfc062723c751e8b465ee728b)  -> (artifact id: '3e23a7c0d6449751c22b67d8b677bb38') in 0.264701 seconds 
  Import took 0.268659 seconds .

========================================================================
Received Import Request.
  Time since last request: 0.000187 seconds.
  path: Assets/GuidedProject/BeachsideTown/Materials/Signs.mat
  artifactKey: Guid(0365ac3fcb839b24da94675fa94de38c) Importer(815301076,1909f56bfc062723c751e8b465ee728b)
Start importing Assets/GuidedProject/BeachsideTown/Materials/Signs.mat using Guid(0365ac3fcb839b24da94675fa94de38c) Importer(815301076,1909f56bfc062723c751e8b465ee728b)  -> (artifact id: 'c146bf515eeaa2b7fae4dee7f323457b') in 0.020539 seconds 
  Import took 0.024279 seconds .

========================================================================
Received Import Request.
  Time since last request: 0.000170 seconds.
  path: Assets/GuidedProject/BeachsideTown/Materials/Character_Dolphin.mat
  artifactKey: Guid(3833864b81775d743986af10865226df) Importer(815301076,1909f56bfc062723c751e8b465ee728b)
Start importing Assets/GuidedProject/BeachsideTown/Materials/Character_Dolphin.mat using Guid(3833864b81775d743986af10865226df) Importer(815301076,1909f56bfc062723c751e8b465ee728b)  -> (artifact id: '2b09b95a9209a4045021f65a37308c06') in 0.015097 seconds 
  Import took 0.019415 seconds .

========================================================================
Received Import Request.
  Time since last request: 0.000174 seconds.
  path: Assets/GuidedProject/BeachsideTown/Materials/Character_Nina.mat
  artifactKey: Guid(162190c008b5feb4281c4345812123e0) Importer(815301076,1909f56bfc062723c751e8b465ee728b)
Start importing Assets/GuidedProject/BeachsideTown/Materials/Character_Nina.mat using Guid(162190c008b5feb4281c4345812123e0) Importer(815301076,1909f56bfc062723c751e8b465ee728b)  -> (artifact id: '08347ee0fe33600fd980ae347e4273f9') in 0.027022 seconds 
  Import took 0.031559 seconds .

========================================================================
Received Import Request.
  Time since last request: 0.000201 seconds.
  path: Assets/GuidedProject/BeachsideTown/Materials/FlagPole_Mat.mat
  artifactKey: Guid(0e817bad919ccbf40bb6b73fc5f141ba) Importer(815301076,1909f56bfc062723c751e8b465ee728b)
Start importing Assets/GuidedProject/BeachsideTown/Materials/FlagPole_Mat.mat using Guid(0e817bad919ccbf40bb6b73fc5f141ba) Importer(815301076,1909f56bfc062723c751e8b465ee728b)  -> (artifact id: 'df0a48dbd5461532724d6b9ba82c5771') in 0.014751 seconds 
  Import took 0.019025 seconds .

========================================================================
Received Import Request.
  Time since last request: 0.000275 seconds.
  path: Assets/GuidedProject/BeachsideTown/Materials/Railings Lamps Pillars and bits.mat
  artifactKey: Guid(3fe017173014c0c48b149dc8eb2d7247) Importer(815301076,1909f56bfc062723c751e8b465ee728b)
Start importing Assets/GuidedProject/BeachsideTown/Materials/Railings Lamps Pillars and bits.mat using Guid(3fe017173014c0c48b149dc8eb2d7247) Importer(815301076,1909f56bfc062723c751e8b465ee728b)  -> (artifact id: 'b18f9a087e9389c8a3739dffb29a77be') in 0.025513 seconds 
  Import took 0.031424 seconds .

========================================================================
Received Import Request.
  Time since last request: 0.000325 seconds.
  path: Assets/GuidedProject/BeachsideTown/Materials/Character_Kim.mat
  artifactKey: Guid(4c08f2a362801dc4d91ae87041e0e3b7) Importer(815301076,1909f56bfc062723c751e8b465ee728b)
Start importing Assets/GuidedProject/BeachsideTown/Materials/Character_Kim.mat using Guid(4c08f2a362801dc4d91ae87041e0e3b7) Importer(815301076,1909f56bfc062723c751e8b465ee728b)  -> (artifact id: 'aa2745a7bc887112fb56a5696d73988b') in 0.028348 seconds 
  Import took 0.033806 seconds .

========================================================================
Received Import Request.
  Time since last request: 0.000205 seconds.
  path: Assets/GuidedProject/BeachsideTown/Materials/Ground_Fire_LogPile.mat
  artifactKey: Guid(be224644d9f9e85429e4997468d034b0) Importer(815301076,1909f56bfc062723c751e8b465ee728b)
Start importing Assets/GuidedProject/BeachsideTown/Materials/Ground_Fire_LogPile.mat using Guid(be224644d9f9e85429e4997468d034b0) Importer(815301076,1909f56bfc062723c751e8b465ee728b)  -> (artifact id: '843bec86e1eb6b6efe8579fdb6a68d82') in 0.022607 seconds 
  Import took 0.028841 seconds .

========================================================================
Received Import Request.
  Time since last request: 0.000166 seconds.
  path: Assets/GuidedProject/BeachsideTown/Materials/Flag_Mat.mat
  artifactKey: Guid(5a752802e5ffe6f49bd66550e41242f3) Importer(815301076,1909f56bfc062723c751e8b465ee728b)
Start importing Assets/GuidedProject/BeachsideTown/Materials/Flag_Mat.mat using Guid(5a752802e5ffe6f49bd66550e41242f3) Importer(815301076,1909f56bfc062723c751e8b465ee728b)  -> (artifact id: 'e70318a62e9d5f5c67a96515de4c49ac') in 0.015419 seconds 
  Import took 0.020202 seconds .

========================================================================
Received Import Request.
  Time since last request: 0.000175 seconds.
  path: Assets/GuidedProject/BeachsideTown/Materials/Ground_Pebbles.mat
  artifactKey: Guid(9db13c441d0daf44093470c12fcb4494) Importer(815301076,1909f56bfc062723c751e8b465ee728b)
Start importing Assets/GuidedProject/BeachsideTown/Materials/Ground_Pebbles.mat using Guid(9db13c441d0daf44093470c12fcb4494) Importer(815301076,1909f56bfc062723c751e8b465ee728b)  -> (artifact id: '27f46f56fa006f0d924d5e54f72fefaa') in 0.022176 seconds 
  Import took 0.026458 seconds .

========================================================================
Received Import Request.
  Time since last request: 0.000214 seconds.
  path: Assets/GuidedProject/BeachsideTown/Materials/FlagPoleBlack_Mat.mat
  artifactKey: Guid(e3d3775e239865848a4d971b03e489c1) Importer(815301076,1909f56bfc062723c751e8b465ee728b)
Start importing Assets/GuidedProject/BeachsideTown/Materials/FlagPoleBlack_Mat.mat using Guid(e3d3775e239865848a4d971b03e489c1) Importer(815301076,1909f56bfc062723c751e8b465ee728b)  -> (artifact id: '57a48eabab747c49a049a5d1d8578ec7') in 0.015175 seconds 
  Import took 0.019834 seconds .

========================================================================
Received Import Request.
  Time since last request: 0.000189 seconds.
  path: Assets/GuidedProject/BeachsideTown/Materials/Wall_B_Blue.mat
  artifactKey: Guid(c69decf714398914fa7ee0e3bee91de5) Importer(815301076,1909f56bfc062723c751e8b465ee728b)
Start importing Assets/GuidedProject/BeachsideTown/Materials/Wall_B_Blue.mat using Guid(c69decf714398914fa7ee0e3bee91de5) Importer(815301076,1909f56bfc062723c751e8b465ee728b)  -> (artifact id: '194549f302264bd79e157e22ec70a5fc') in 0.026793 seconds 
  Import took 0.032051 seconds .

========================================================================
Received Import Request.
  Time since last request: 0.000217 seconds.
  path: Assets/GuidedProject/BeachsideTown/Materials/Roof.mat
  artifactKey: Guid(2c05386580088c94fb3374f7fcfc6eda) Importer(815301076,1909f56bfc062723c751e8b465ee728b)
Start importing Assets/GuidedProject/BeachsideTown/Materials/Roof.mat using Guid(2c05386580088c94fb3374f7fcfc6eda) Importer(815301076,1909f56bfc062723c751e8b465ee728b)  -> (artifact id: '5d5f502ae8997109e5c51d01b3067964') in 0.022645 seconds 
  Import took 0.027331 seconds .

========================================================================
Received Prepare
Registering precompiled user dll's ...
Registered in 0.007434 seconds.
Begin MonoManager ReloadAssembly
Native extension for WindowsStandalone target not found
Native extension for WebGL target not found
Refreshing native plugins compatible for Editor in 0.57 ms, found 2 plugins.
Preloading 0 native plugins for Editor in 0.00 ms.
Mono: successfully reloaded assembly
- Completed reload, in  1.207 seconds
Domain Reload Profiling:
	ReloadAssembly (1207ms)
		BeginReloadAssembly (209ms)
			ExecutionOrderSort (0ms)
			DisableScriptedObjects (6ms)
			BackupInstance (0ms)
			ReleaseScriptingObjects (0ms)
			CreateAndSetChildDomain (49ms)
		EndReloadAssembly (932ms)
			LoadAssemblies (143ms)
			RebuildTransferFunctionScriptingTraits (0ms)
			SetupTypeCache (322ms)
			ReleaseScriptCaches (1ms)
			RebuildScriptCaches (50ms)
			SetupLoadedEditorAssemblies (312ms)
				LogAssemblyErrors (0ms)
				InitializePlatformSupportModulesInManaged (6ms)
				SetLoadedEditorAssemblies (0ms)
				RefreshPlugins (1ms)
				BeforeProcessingInitializeOnLoad (87ms)
				ProcessInitializeOnLoadAttributes (200ms)
				ProcessInitializeOnLoadMethodAttributes (9ms)
				AfterProcessingInitializeOnLoad (8ms)
				EditorAssembliesLoaded (0ms)
			ExecutionOrderSort2 (0ms)
			AwakeInstancesAfterBackupRestoration (15ms)
Platform modules already initialized, skipping
Refreshing native plugins compatible for Editor in 0.58 ms, found 2 plugins.
Preloading 0 native plugins for Editor in 0.00 ms.
Unloading 2687 Unused Serialized files (Serialized files now loaded: 0)
System memory in use before: 125.0 MB.
System memory in use after: 125.2 MB.

Unloading 15 unused Assets to reduce memory usage. Loaded Objects now: 3309.
Total: 2.903400 ms (FindLiveObjects: 0.268100 ms CreateObjectMapping: 0.122000 ms MarkObjects: 2.495400 ms  DeleteObjects: 0.017300 ms)

AssetImportParameters requested are different than current active one (requested -> active):
  custom:framework-win-MediaFoundation: 216162199b28c13a410421893ffa2e32 -> 
  custom:video-decoder-ogg-theora: a1e56fd34408186e4bbccfd4996cb3dc -> 
  custom:container-muxer-webm: aa71ff27fc2769a1b78a27578f13a17b -> 
  custom:container-demuxer-webm: 4f35f7cbe854078d1ac9338744f61a02 -> 
  custom:container-demuxer-ogg: 62fdf1f143b41e24485cea50d1cbac27 -> 
  custom:video-encoder-webm-vp8: eb34c28f22e8b96e1ab97ce403110664 -> 
  custom:video-decoder-webm-vp8: 9c59270c3fd7afecdb556c50c9e8de78 -> 
  custom:audio-decoder-ogg-vorbis: bf7c407c2cedff20999df2af8eb42d56 -> 
  custom:audio-encoder-webm-vorbis: bf7c407c2cedff20999df2af8eb42d56 -> 
AssetImportWorkerClient::OnTransportError - code=2 error=End of file
